<?xml version="1.0" encoding="UTF-8"?>
<Site BuildName="(empty)"
	BuildStamp="20251103-0335-Experimental"
	Name="tegra-ubuntu"
	Generator="ctest-3.22.1"
	CompilerName="/usr/bin/c++"
	CompilerVersion="11.4.0"
	OSName="Linux"
	Hostname="tegra-ubuntu"
	OSRelease="5.15.136-tegra"
	OSVersion="#1 SMP PREEMPT Tue Aug 27 18:19:51 CST 2024"
	OSPlatform="aarch64"
	Is64Bits="1"
	VendorString=""
	VendorID="Unknown Manufacturer"
	FamilyID="8"
	ModelID="0"
	ProcessorCacheSize="0"
	NumberOfLogicalCPU="12"
	NumberOfPhysicalCPU="1"
	TotalVirtualMemory="31421"
	TotalPhysicalMemory="62842"
	LogicalProcessorsPerPhysical="12"
	ProcessorClockFrequency="0"
	>
	<Testing>
		<StartDateTime>Nov 03 11:29 IST</StartDateTime>
		<StartTestTime>1762149557</StartTestTime>
		<TestList/>
		<EndDateTime>Nov 03 11:29 IST</EndDateTime>
		<EndTestTime>1762149557</EndTestTime>
		<ElapsedMinutes>0</ElapsedMinutes>
	</Testing>
</Site>
